{"/Users/digital/Downloads/app-test/app/form_validator.js": {"path":"/Users/digital/Downloads/app-test/app/form_validator.js","statementMap":{"0":{"start":{"line":3,"column":34},"end":{"line":3,"column":50}},"1":{"start":{"line":4,"column":2},"end":{"line":4,"column":45}},"2":{"start":{"line":8,"column":2},"end":{"line":8,"column":44}},"3":{"start":{"line":12,"column":2},"end":{"line":12,"column":29}},"4":{"start":{"line":13,"column":2},"end":{"line":13,"column":35}},"5":{"start":{"line":14,"column":2},"end":{"line":14,"column":68}},"6":{"start":{"line":17,"column":0},"end":{"line":21,"column":2}}},"fnMap":{"0":{"name":"isValidCommaDelimitedList","decl":{"start":{"line":1,"column":9},"end":{"line":1,"column":34}},"loc":{"start":{"line":1,"column":42},"end":{"line":5,"column":1}},"line":1},"1":{"name":"isValidTagmode","decl":{"start":{"line":7,"column":9},"end":{"line":7,"column":23}},"loc":{"start":{"line":7,"column":31},"end":{"line":9,"column":1}},"line":7},"2":{"name":"hasValidFlickrAPIParams","decl":{"start":{"line":11,"column":9},"end":{"line":11,"column":32}},"loc":{"start":{"line":11,"column":48},"end":{"line":15,"column":1}},"line":11}},"branchMap":{"0":{"loc":{"start":{"line":8,"column":9},"end":{"line":8,"column":43}},"type":"binary-expr","locations":[{"start":{"line":8,"column":9},"end":{"line":8,"column":24}},{"start":{"line":8,"column":28},"end":{"line":8,"column":43}}],"line":8},"1":{"loc":{"start":{"line":14,"column":9},"end":{"line":14,"column":67}},"type":"binary-expr","locations":[{"start":{"line":14,"column":9},"end":{"line":14,"column":40}},{"start":{"line":14,"column":44},"end":{"line":14,"column":67}}],"line":14}},"s":{"0":7,"1":7,"2":5,"3":3,"4":3,"5":3,"6":2},"f":{"0":7,"1":5,"2":3},"b":{"0":[5,3],"1":[3,2]},"_coverageSchema":"1a1c01bbd47fc00a2c39e90264f33305004495a9","hash":"315ac95d075b58610a968147fbcfac9616aaca96"}
,"/Users/digital/Downloads/app-test/app/jsonp_helper.js": {"path":"/Users/digital/Downloads/app-test/app/jsonp_helper.js","statementMap":{"0":{"start":{"line":2,"column":2},"end":{"line":13,"column":3}},"1":{"start":{"line":3,"column":21},"end":{"line":3,"column":44}},"2":{"start":{"line":4,"column":19},"end":{"line":4,"column":46}},"3":{"start":{"line":5,"column":21},"end":{"line":5,"column":66}},"4":{"start":{"line":7,"column":4},"end":{"line":7,"column":49}},"5":{"start":{"line":9,"column":4},"end":{"line":9,"column":34}},"6":{"start":{"line":11,"column":18},"end":{"line":11,"column":76}},"7":{"start":{"line":12,"column":4},"end":{"line":12,"column":16}},"8":{"start":{"line":16,"column":0},"end":{"line":18,"column":2}}},"fnMap":{"0":{"name":"parseJSONP","decl":{"start":{"line":1,"column":9},"end":{"line":1,"column":19}},"loc":{"start":{"line":1,"column":31},"end":{"line":14,"column":1}},"line":1}},"branchMap":{},"s":{"0":5,"1":5,"2":5,"3":5,"4":5,"5":5,"6":2,"7":2,"8":4},"f":{"0":5},"b":{},"_coverageSchema":"1a1c01bbd47fc00a2c39e90264f33305004495a9","hash":"dc2bed33718f4555f0e42c45d9fe05da88715a5a"}
,"/Users/digital/Downloads/app-test/app/messageHandler.js": {"path":"/Users/digital/Downloads/app-test/app/messageHandler.js","statementMap":{"0":{"start":{"line":1,"column":19},"end":{"line":1,"column":50}},"1":{"start":{"line":2,"column":20},"end":{"line":2,"column":52}},"2":{"start":{"line":3,"column":18},"end":{"line":3,"column":39}},"3":{"start":{"line":4,"column":11},"end":{"line":4,"column":24}},"4":{"start":{"line":5,"column":13},"end":{"line":5,"column":28}},"5":{"start":{"line":6,"column":28},"end":{"line":6,"column":52}},"6":{"start":{"line":7,"column":12},"end":{"line":7,"column":26}},"7":{"start":{"line":8,"column":0},"end":{"line":8,"column":27}},"8":{"start":{"line":10,"column":18},"end":{"line":10,"column":47}},"9":{"start":{"line":11,"column":25},"end":{"line":11,"column":34}},"10":{"start":{"line":12,"column":19},"end":{"line":12,"column":35}},"11":{"start":{"line":13,"column":15},"end":{"line":13,"column":40}},"12":{"start":{"line":14,"column":16},"end":{"line":14,"column":29}},"13":{"start":{"line":16,"column":17},"end":{"line":16,"column":19}},"14":{"start":{"line":19,"column":23},"end":{"line":19,"column":60}},"15":{"start":{"line":20,"column":2},"end":{"line":20,"column":77}},"16":{"start":{"line":22,"column":2},"end":{"line":46,"column":5}},"17":{"start":{"line":23,"column":4},"end":{"line":23,"column":36}},"18":{"start":{"line":24,"column":4},"end":{"line":45,"column":5}},"19":{"start":{"line":25,"column":32},"end":{"line":25,"column":67}},"20":{"start":{"line":26,"column":6},"end":{"line":26,"column":70}},"21":{"start":{"line":28,"column":26},"end":{"line":28,"column":70}},"22":{"start":{"line":29,"column":6},"end":{"line":29,"column":54}},"23":{"start":{"line":31,"column":26},"end":{"line":31,"column":52}},"24":{"start":{"line":32,"column":19},"end":{"line":32,"column":65}},"25":{"start":{"line":33,"column":6},"end":{"line":33,"column":63}},"26":{"start":{"line":35,"column":24},"end":{"line":35,"column":58}},"27":{"start":{"line":36,"column":6},"end":{"line":36,"column":59}},"28":{"start":{"line":38,"column":6},"end":{"line":38,"column":35}},"29":{"start":{"line":39,"column":6},"end":{"line":39,"column":75}},"30":{"start":{"line":41,"column":6},"end":{"line":41,"column":20}},"31":{"start":{"line":42,"column":6},"end":{"line":42,"column":42}},"32":{"start":{"line":44,"column":6},"end":{"line":44,"column":64}},"33":{"start":{"line":48,"column":2},"end":{"line":50,"column":5}},"34":{"start":{"line":49,"column":4},"end":{"line":49,"column":63}},"35":{"start":{"line":54,"column":2},"end":{"line":66,"column":3}},"36":{"start":{"line":55,"column":19},"end":{"line":55,"column":55}},"37":{"start":{"line":56,"column":4},"end":{"line":56,"column":71}},"38":{"start":{"line":58,"column":29},"end":{"line":58,"column":48}},"39":{"start":{"line":59,"column":20},"end":{"line":59,"column":59}},"40":{"start":{"line":60,"column":4},"end":{"line":60,"column":51}},"41":{"start":{"line":62,"column":4},"end":{"line":62,"column":19}},"42":{"start":{"line":64,"column":4},"end":{"line":64,"column":63}},"43":{"start":{"line":65,"column":4},"end":{"line":65,"column":16}},"44":{"start":{"line":70,"column":22},"end":{"line":70,"column":78}},"45":{"start":{"line":71,"column":17},"end":{"line":71,"column":50}},"46":{"start":{"line":72,"column":18},"end":{"line":72,"column":33}},"47":{"start":{"line":74,"column":2},"end":{"line":74,"column":23}},"48":{"start":{"line":76,"column":2},"end":{"line":98,"column":3}},"49":{"start":{"line":77,"column":16},"end":{"line":77,"column":52}},"50":{"start":{"line":78,"column":4},"end":{"line":80,"column":5}},"51":{"start":{"line":79,"column":6},"end":{"line":79,"column":22}},"52":{"start":{"line":82,"column":21},"end":{"line":82,"column":73}},"53":{"start":{"line":83,"column":24},"end":{"line":83,"column":56}},"54":{"start":{"line":84,"column":4},"end":{"line":84,"column":67}},"55":{"start":{"line":86,"column":4},"end":{"line":97,"column":5}},"56":{"start":{"line":87,"column":6},"end":{"line":96,"column":9}},"57":{"start":{"line":88,"column":8},"end":{"line":95,"column":11}},"58":{"start":{"line":89,"column":10},"end":{"line":94,"column":11}},"59":{"start":{"line":90,"column":12},"end":{"line":90,"column":24}},"60":{"start":{"line":92,"column":12},"end":{"line":92,"column":56}},"61":{"start":{"line":93,"column":12},"end":{"line":93,"column":22}},"62":{"start":{"line":101,"column":2},"end":{"line":101,"column":21}},"63":{"start":{"line":103,"column":2},"end":{"line":113,"column":5}},"64":{"start":{"line":104,"column":4},"end":{"line":108,"column":7}},"65":{"start":{"line":105,"column":23},"end":{"line":105,"column":52}},"66":{"start":{"line":106,"column":6},"end":{"line":106,"column":67}},"67":{"start":{"line":107,"column":6},"end":{"line":107,"column":27}},"68":{"start":{"line":110,"column":4},"end":{"line":112,"column":7}},"69":{"start":{"line":111,"column":6},"end":{"line":111,"column":18}},"70":{"start":{"line":117,"column":17},"end":{"line":117,"column":43}},"71":{"start":{"line":118,"column":17},"end":{"line":122,"column":4}},"72":{"start":{"line":123,"column":2},"end":{"line":123,"column":14}},"73":{"start":{"line":127,"column":18},"end":{"line":130,"column":3}},"74":{"start":{"line":132,"column":16},"end":{"line":132,"column":85}},"75":{"start":{"line":133,"column":2},"end":{"line":133,"column":13}},"76":{"start":{"line":136,"column":0},"end":{"line":136,"column":48}}},"fnMap":{"0":{"name":"messageHandler","decl":{"start":{"line":18,"column":15},"end":{"line":18,"column":29}},"loc":{"start":{"line":18,"column":32},"end":{"line":51,"column":1}},"line":18},"1":{"name":"(anonymous_1)","decl":{"start":{"line":22,"column":29},"end":{"line":22,"column":30}},"loc":{"start":{"line":22,"column":48},"end":{"line":46,"column":3}},"line":22},"2":{"name":"(anonymous_2)","decl":{"start":{"line":48,"column":27},"end":{"line":48,"column":28}},"loc":{"start":{"line":48,"column":38},"end":{"line":50,"column":3}},"line":48},"3":{"name":"processTagsAndZipPhotos","decl":{"start":{"line":53,"column":15},"end":{"line":53,"column":38}},"loc":{"start":{"line":53,"column":54},"end":{"line":67,"column":1}},"line":53},"4":{"name":"createZipStream","decl":{"start":{"line":69,"column":15},"end":{"line":69,"column":30}},"loc":{"start":{"line":69,"column":39},"end":{"line":114,"column":1}},"line":69},"5":{"name":"(anonymous_5)","decl":{"start":{"line":87,"column":24},"end":{"line":87,"column":25}},"loc":{"start":{"line":87,"column":45},"end":{"line":96,"column":7}},"line":87},"6":{"name":"(anonymous_6)","decl":{"start":{"line":88,"column":54},"end":{"line":88,"column":55}},"loc":{"start":{"line":88,"column":63},"end":{"line":95,"column":9}},"line":88},"7":{"name":"(anonymous_7)","decl":{"start":{"line":103,"column":21},"end":{"line":103,"column":22}},"loc":{"start":{"line":103,"column":42},"end":{"line":113,"column":3}},"line":103},"8":{"name":"(anonymous_8)","decl":{"start":{"line":104,"column":23},"end":{"line":104,"column":24}},"loc":{"start":{"line":104,"column":29},"end":{"line":108,"column":5}},"line":104},"9":{"name":"(anonymous_9)","decl":{"start":{"line":110,"column":23},"end":{"line":110,"column":24}},"loc":{"start":{"line":110,"column":32},"end":{"line":112,"column":5}},"line":110},"10":{"name":"uploadZipToGCS","decl":{"start":{"line":116,"column":15},"end":{"line":116,"column":29}},"loc":{"start":{"line":116,"column":53},"end":{"line":124,"column":1}},"line":116},"11":{"name":"generateSignedUrl","decl":{"start":{"line":126,"column":15},"end":{"line":126,"column":32}},"loc":{"start":{"line":126,"column":43},"end":{"line":134,"column":1}},"line":126}},"branchMap":{"0":{"loc":{"start":{"line":78,"column":4},"end":{"line":80,"column":5}},"type":"if","locations":[{"start":{"line":78,"column":4},"end":{"line":80,"column":5}},{"start":{},"end":{}}],"line":78},"1":{"loc":{"start":{"line":86,"column":4},"end":{"line":97,"column":5}},"type":"if","locations":[{"start":{"line":86,"column":4},"end":{"line":97,"column":5}},{"start":{},"end":{}}],"line":86},"2":{"loc":{"start":{"line":89,"column":10},"end":{"line":94,"column":11}},"type":"if","locations":[{"start":{"line":89,"column":10},"end":{"line":94,"column":11}},{"start":{"line":91,"column":17},"end":{"line":94,"column":11}}],"line":89}},"s":{"0":1,"1":1,"2":1,"3":1,"4":1,"5":1,"6":1,"7":1,"8":1,"9":1,"10":1,"11":1,"12":1,"13":1,"14":1,"15":1,"16":1,"17":0,"18":0,"19":0,"20":0,"21":0,"22":0,"23":0,"24":0,"25":0,"26":0,"27":0,"28":0,"29":0,"30":0,"31":0,"32":0,"33":1,"34":0,"35":0,"36":0,"37":0,"38":0,"39":0,"40":0,"41":0,"42":0,"43":0,"44":0,"45":0,"46":0,"47":0,"48":0,"49":0,"50":0,"51":0,"52":0,"53":0,"54":0,"55":0,"56":0,"57":0,"58":0,"59":0,"60":0,"61":0,"62":0,"63":0,"64":0,"65":0,"66":0,"67":0,"68":0,"69":0,"70":0,"71":0,"72":0,"73":0,"74":0,"75":0,"76":1},"f":{"0":1,"1":0,"2":0,"3":0,"4":0,"5":0,"6":0,"7":0,"8":0,"9":0,"10":0,"11":0},"b":{"0":[0,0],"1":[0,0],"2":[0,0]},"_coverageSchema":"1a1c01bbd47fc00a2c39e90264f33305004495a9","hash":"aed2e1d5ecaf9e0ed421f05de115d2ea4dc61526"}
,"/Users/digital/Downloads/app-test/app/photo_model.js": {"path":"/Users/digital/Downloads/app-test/app/photo_model.js","statementMap":{"0":{"start":{"line":1,"column":12},"end":{"line":1,"column":26}},"1":{"start":{"line":2,"column":20},"end":{"line":2,"column":42}},"2":{"start":{"line":3,"column":20},"end":{"line":3,"column":45}},"3":{"start":{"line":6,"column":13},"end":{"line":6,"column":69}},"4":{"start":{"line":8,"column":18},"end":{"line":13,"column":3}},"5":{"start":{"line":15,"column":2},"end":{"line":24,"column":5}},"6":{"start":{"line":16,"column":22},"end":{"line":16,"column":59}},"7":{"start":{"line":18,"column":4},"end":{"line":21,"column":7}},"8":{"start":{"line":19,"column":6},"end":{"line":19,"column":64}},"9":{"start":{"line":20,"column":6},"end":{"line":20,"column":64}},"10":{"start":{"line":23,"column":4},"end":{"line":23,"column":27}},"11":{"start":{"line":27,"column":0},"end":{"line":29,"column":2}}},"fnMap":{"0":{"name":"getFlickrPhotos","decl":{"start":{"line":5,"column":9},"end":{"line":5,"column":24}},"loc":{"start":{"line":5,"column":40},"end":{"line":25,"column":1}},"line":5},"1":{"name":"(anonymous_1)","decl":{"start":{"line":15,"column":27},"end":{"line":15,"column":28}},"loc":{"start":{"line":15,"column":39},"end":{"line":24,"column":3}},"line":15},"2":{"name":"(anonymous_2)","decl":{"start":{"line":18,"column":28},"end":{"line":18,"column":29}},"loc":{"start":{"line":18,"column":37},"end":{"line":21,"column":5}},"line":18}},"branchMap":{},"s":{"0":3,"1":3,"2":3,"3":3,"4":3,"5":3,"6":2,"7":1,"8":2,"9":2,"10":1,"11":3},"f":{"0":3,"1":2,"2":2},"b":{},"_coverageSchema":"1a1c01bbd47fc00a2c39e90264f33305004495a9","hash":"9175179922f848938559df62a7e2b8a5ec33ca1e"}
,"/Users/digital/Downloads/app-test/app/route.js": {"path":"/Users/digital/Downloads/app-test/app/route.js","statementMap":{"0":{"start":{"line":1,"column":22},"end":{"line":1,"column":49}},"1":{"start":{"line":2,"column":19},"end":{"line":2,"column":43}},"2":{"start":{"line":5,"column":2},"end":{"line":39,"column":5}},"3":{"start":{"line":6,"column":17},"end":{"line":6,"column":31}},"4":{"start":{"line":7,"column":20},"end":{"line":7,"column":37}},"5":{"start":{"line":9,"column":30},"end":{"line":15,"column":5}},"6":{"start":{"line":18,"column":4},"end":{"line":20,"column":5}},"7":{"start":{"line":19,"column":6},"end":{"line":19,"column":52}},"8":{"start":{"line":23,"column":4},"end":{"line":26,"column":5}},"9":{"start":{"line":24,"column":6},"end":{"line":24,"column":49}},"10":{"start":{"line":25,"column":6},"end":{"line":25,"column":52}},"11":{"start":{"line":29,"column":4},"end":{"line":38,"column":9}},"12":{"start":{"line":32,"column":8},"end":{"line":32,"column":42}},"13":{"start":{"line":33,"column":8},"end":{"line":33,"column":47}},"14":{"start":{"line":34,"column":8},"end":{"line":34,"column":54}},"15":{"start":{"line":37,"column":8},"end":{"line":37,"column":47}},"16":{"start":{"line":42,"column":0},"end":{"line":42,"column":23}}},"fnMap":{"0":{"name":"route","decl":{"start":{"line":4,"column":9},"end":{"line":4,"column":14}},"loc":{"start":{"line":4,"column":20},"end":{"line":40,"column":1}},"line":4},"1":{"name":"(anonymous_1)","decl":{"start":{"line":5,"column":15},"end":{"line":5,"column":16}},"loc":{"start":{"line":5,"column":29},"end":{"line":39,"column":3}},"line":5},"2":{"name":"(anonymous_2)","decl":{"start":{"line":31,"column":12},"end":{"line":31,"column":13}},"loc":{"start":{"line":31,"column":22},"end":{"line":35,"column":7}},"line":31},"3":{"name":"(anonymous_3)","decl":{"start":{"line":36,"column":13},"end":{"line":36,"column":14}},"loc":{"start":{"line":36,"column":22},"end":{"line":38,"column":7}},"line":36}},"branchMap":{"0":{"loc":{"start":{"line":10,"column":21},"end":{"line":10,"column":31}},"type":"binary-expr","locations":[{"start":{"line":10,"column":21},"end":{"line":10,"column":25}},{"start":{"line":10,"column":29},"end":{"line":10,"column":31}}],"line":10},"1":{"loc":{"start":{"line":11,"column":24},"end":{"line":11,"column":37}},"type":"binary-expr","locations":[{"start":{"line":11,"column":24},"end":{"line":11,"column":31}},{"start":{"line":11,"column":35},"end":{"line":11,"column":37}}],"line":11},"2":{"loc":{"start":{"line":18,"column":4},"end":{"line":20,"column":5}},"type":"if","locations":[{"start":{"line":18,"column":4},"end":{"line":20,"column":5}},{"start":{},"end":{}}],"line":18},"3":{"loc":{"start":{"line":18,"column":8},"end":{"line":18,"column":25}},"type":"binary-expr","locations":[{"start":{"line":18,"column":8},"end":{"line":18,"column":13}},{"start":{"line":18,"column":17},"end":{"line":18,"column":25}}],"line":18},"4":{"loc":{"start":{"line":23,"column":4},"end":{"line":26,"column":5}},"type":"if","locations":[{"start":{"line":23,"column":4},"end":{"line":26,"column":5}},{"start":{},"end":{}}],"line":23}},"s":{"0":1,"1":1,"2":1,"3":0,"4":0,"5":0,"6":0,"7":0,"8":0,"9":0,"10":0,"11":0,"12":0,"13":0,"14":0,"15":0,"16":1},"f":{"0":1,"1":0,"2":0,"3":0},"b":{"0":[0,0],"1":[0,0],"2":[0,0],"3":[0,0],"4":[0,0]},"_coverageSchema":"1a1c01bbd47fc00a2c39e90264f33305004495a9","hash":"f59ca0502a78233ec44299189441315ad6a72569"}
,"/Users/digital/Downloads/app-test/app/server.js": {"path":"/Users/digital/Downloads/app-test/app/server.js","statementMap":{"0":{"start":{"line":1,"column":16},"end":{"line":1,"column":34}},"1":{"start":{"line":2,"column":16},"end":{"line":2,"column":40}},"2":{"start":{"line":3,"column":13},"end":{"line":3,"column":28}},"3":{"start":{"line":4,"column":0},"end":{"line":4,"column":27}},"4":{"start":{"line":6,"column":12},"end":{"line":6,"column":21}},"5":{"start":{"line":8,"column":39},"end":{"line":8,"column":66}},"6":{"start":{"line":10,"column":0},"end":{"line":10,"column":56}},"7":{"start":{"line":11,"column":0},"end":{"line":11,"column":71}},"8":{"start":{"line":12,"column":0},"end":{"line":12,"column":77}},"9":{"start":{"line":13,"column":0},"end":{"line":13,"column":46}},"10":{"start":{"line":14,"column":0},"end":{"line":14,"column":48}},"11":{"start":{"line":15,"column":0},"end":{"line":15,"column":62}},"12":{"start":{"line":16,"column":0},"end":{"line":16,"column":31}},"13":{"start":{"line":18,"column":0},"end":{"line":18,"column":48}},"14":{"start":{"line":19,"column":0},"end":{"line":19,"column":24}},"15":{"start":{"line":21,"column":0},"end":{"line":21,"column":17}},"16":{"start":{"line":23,"column":0},"end":{"line":63,"column":3}},"17":{"start":{"line":24,"column":15},"end":{"line":24,"column":35}},"18":{"start":{"line":25,"column":18},"end":{"line":25,"column":44}},"19":{"start":{"line":26,"column":17},"end":{"line":26,"column":39}},"20":{"start":{"line":28,"column":2},"end":{"line":28,"column":93}},"21":{"start":{"line":30,"column":2},"end":{"line":41,"column":3}},"22":{"start":{"line":31,"column":4},"end":{"line":31,"column":59}},"23":{"start":{"line":32,"column":4},"end":{"line":40,"column":7}},"24":{"start":{"line":43,"column":21},"end":{"line":43,"column":45}},"25":{"start":{"line":44,"column":2},"end":{"line":62,"column":5}},"26":{"start":{"line":45,"column":25},"end":{"line":45,"column":41}},"27":{"start":{"line":47,"column":22},"end":{"line":47,"column":55}},"28":{"start":{"line":49,"column":4},"end":{"line":57,"column":7}},"29":{"start":{"line":59,"column":4},"end":{"line":59,"column":96}},"30":{"start":{"line":61,"column":4},"end":{"line":61,"column":68}},"31":{"start":{"line":67,"column":17},"end":{"line":67,"column":38}},"32":{"start":{"line":68,"column":0},"end":{"line":68,"column":18}},"33":{"start":{"line":70,"column":0},"end":{"line":70,"column":24}},"34":{"start":{"line":72,"column":13},"end":{"line":72,"column":37}},"35":{"start":{"line":73,"column":0},"end":{"line":75,"column":3}},"36":{"start":{"line":74,"column":2},"end":{"line":74,"column":43}},"37":{"start":{"line":77,"column":0},"end":{"line":77,"column":21}}},"fnMap":{"0":{"name":"(anonymous_0)","decl":{"start":{"line":23,"column":13},"end":{"line":23,"column":14}},"loc":{"start":{"line":23,"column":27},"end":{"line":63,"column":1}},"line":23},"1":{"name":"(anonymous_1)","decl":{"start":{"line":44,"column":49},"end":{"line":44,"column":50}},"loc":{"start":{"line":44,"column":61},"end":{"line":60,"column":3}},"line":44},"2":{"name":"(anonymous_2)","decl":{"start":{"line":60,"column":11},"end":{"line":60,"column":12}},"loc":{"start":{"line":60,"column":22},"end":{"line":62,"column":3}},"line":60},"3":{"name":"(anonymous_3)","decl":{"start":{"line":73,"column":30},"end":{"line":73,"column":31}},"loc":{"start":{"line":73,"column":36},"end":{"line":75,"column":1}},"line":73}},"branchMap":{"0":{"loc":{"start":{"line":24,"column":15},"end":{"line":24,"column":35}},"type":"binary-expr","locations":[{"start":{"line":24,"column":15},"end":{"line":24,"column":29}},{"start":{"line":24,"column":33},"end":{"line":24,"column":35}}],"line":24},"1":{"loc":{"start":{"line":25,"column":18},"end":{"line":25,"column":44}},"type":"binary-expr","locations":[{"start":{"line":25,"column":18},"end":{"line":25,"column":35}},{"start":{"line":25,"column":39},"end":{"line":25,"column":44}}],"line":25},"2":{"loc":{"start":{"line":26,"column":17},"end":{"line":26,"column":39}},"type":"binary-expr","locations":[{"start":{"line":26,"column":17},"end":{"line":26,"column":33}},{"start":{"line":26,"column":37},"end":{"line":26,"column":39}}],"line":26},"3":{"loc":{"start":{"line":30,"column":2},"end":{"line":41,"column":3}},"type":"if","locations":[{"start":{"line":30,"column":2},"end":{"line":41,"column":3}},{"start":{},"end":{}}],"line":30},"4":{"loc":{"start":{"line":47,"column":22},"end":{"line":47,"column":55}},"type":"cond-expr","locations":[{"start":{"line":47,"column":37},"end":{"line":47,"column":46}},{"start":{"line":47,"column":49},"end":{"line":47,"column":55}}],"line":47},"5":{"loc":{"start":{"line":56,"column":20},"end":{"line":56,"column":40}},"type":"binary-expr","locations":[{"start":{"line":56,"column":20},"end":{"line":56,"column":32}},{"start":{"line":56,"column":36},"end":{"line":56,"column":40}}],"line":56},"6":{"loc":{"start":{"line":59,"column":70},"end":{"line":59,"column":92}},"type":"binary-expr","locations":[{"start":{"line":59,"column":70},"end":{"line":59,"column":82}},{"start":{"line":59,"column":86},"end":{"line":59,"column":92}}],"line":59},"7":{"loc":{"start":{"line":72,"column":13},"end":{"line":72,"column":37}},"type":"binary-expr","locations":[{"start":{"line":72,"column":13},"end":{"line":72,"column":29}},{"start":{"line":72,"column":33},"end":{"line":72,"column":37}}],"line":72}},"s":{"0":1,"1":1,"2":1,"3":1,"4":1,"5":1,"6":1,"7":1,"8":1,"9":1,"10":1,"11":1,"12":1,"13":1,"14":1,"15":1,"16":1,"17":4,"18":4,"19":4,"20":4,"21":4,"22":1,"23":1,"24":3,"25":3,"26":2,"27":2,"28":2,"29":2,"30":1,"31":1,"32":1,"33":1,"34":1,"35":1,"36":1,"37":1},"f":{"0":4,"1":2,"2":1,"3":1},"b":{"0":[4,1],"1":[4,1],"2":[4,4],"3":[1,3],"4":[0,2],"5":[2,2],"6":[2,2],"7":[1,1]},"_coverageSchema":"1a1c01bbd47fc00a2c39e90264f33305004495a9","hash":"7b8f45380aa915ff4451fcc385f1c68ca4783cfe"}
,"/Users/digital/Downloads/app-test/app/zipRoute.js": {"path":"/Users/digital/Downloads/app-test/app/zipRoute.js","statementMap":{"0":{"start":{"line":1,"column":16},"end":{"line":1,"column":34}},"1":{"start":{"line":2,"column":19},"end":{"line":2,"column":50}},"2":{"start":{"line":3,"column":23},"end":{"line":3,"column":50}},"3":{"start":{"line":4,"column":15},"end":{"line":4,"column":31}},"4":{"start":{"line":5,"column":0},"end":{"line":5,"column":27}},"5":{"start":{"line":7,"column":15},"end":{"line":7,"column":71}},"6":{"start":{"line":8,"column":18},"end":{"line":8,"column":40}},"7":{"start":{"line":10,"column":0},"end":{"line":32,"column":3}},"8":{"start":{"line":11,"column":15},"end":{"line":11,"column":28}},"9":{"start":{"line":12,"column":18},"end":{"line":12,"column":34}},"10":{"start":{"line":14,"column":2},"end":{"line":16,"column":3}},"11":{"start":{"line":15,"column":4},"end":{"line":15,"column":65}},"12":{"start":{"line":18,"column":2},"end":{"line":31,"column":3}},"13":{"start":{"line":19,"column":20},"end":{"line":19,"column":37}},"14":{"start":{"line":20,"column":23},"end":{"line":20,"column":59}},"15":{"start":{"line":22,"column":22},"end":{"line":22,"column":88}},"16":{"start":{"line":23,"column":4},"end":{"line":23,"column":77}},"17":{"start":{"line":25,"column":4},"end":{"line":25,"column":36}},"18":{"start":{"line":27,"column":4},"end":{"line":27,"column":119}},"19":{"start":{"line":29,"column":4},"end":{"line":29,"column":64}},"20":{"start":{"line":30,"column":4},"end":{"line":30,"column":69}},"21":{"start":{"line":34,"column":0},"end":{"line":34,"column":24}},"22":{"start":{"line":38,"column":2},"end":{"line":45,"column":5}},"23":{"start":{"line":39,"column":21},"end":{"line":44,"column":12}},"24":{"start":{"line":40,"column":6},"end":{"line":43,"column":7}},"25":{"start":{"line":41,"column":8},"end":{"line":41,"column":32}},"26":{"start":{"line":42,"column":8},"end":{"line":42,"column":18}}},"fnMap":{"0":{"name":"(anonymous_0)","decl":{"start":{"line":10,"column":20},"end":{"line":10,"column":21}},"loc":{"start":{"line":10,"column":40},"end":{"line":32,"column":1}},"line":10},"1":{"name":"waitForZipToBeReady","decl":{"start":{"line":37,"column":15},"end":{"line":37,"column":34}},"loc":{"start":{"line":37,"column":41},"end":{"line":46,"column":1}},"line":37},"2":{"name":"(anonymous_2)","decl":{"start":{"line":38,"column":21},"end":{"line":38,"column":22}},"loc":{"start":{"line":38,"column":34},"end":{"line":45,"column":3}},"line":38},"3":{"name":"(anonymous_3)","decl":{"start":{"line":39,"column":33},"end":{"line":39,"column":34}},"loc":{"start":{"line":39,"column":39},"end":{"line":44,"column":5}},"line":39}},"branchMap":{"0":{"loc":{"start":{"line":14,"column":2},"end":{"line":16,"column":3}},"type":"if","locations":[{"start":{"line":14,"column":2},"end":{"line":16,"column":3}},{"start":{},"end":{}}],"line":14},"1":{"loc":{"start":{"line":14,"column":6},"end":{"line":14,"column":23}},"type":"binary-expr","locations":[{"start":{"line":14,"column":6},"end":{"line":14,"column":11}},{"start":{"line":14,"column":15},"end":{"line":14,"column":23}}],"line":14},"2":{"loc":{"start":{"line":40,"column":6},"end":{"line":43,"column":7}},"type":"if","locations":[{"start":{"line":40,"column":6},"end":{"line":43,"column":7}},{"start":{},"end":{}}],"line":40}},"s":{"0":1,"1":1,"2":1,"3":1,"4":1,"5":1,"6":1,"7":1,"8":0,"9":0,"10":0,"11":0,"12":0,"13":0,"14":0,"15":0,"16":0,"17":0,"18":0,"19":0,"20":0,"21":1,"22":0,"23":0,"24":0,"25":0,"26":0},"f":{"0":0,"1":0,"2":0,"3":0},"b":{"0":[0,0],"1":[0,0],"2":[0,0]},"_coverageSchema":"1a1c01bbd47fc00a2c39e90264f33305004495a9","hash":"9a603c102e491115a7c583f8f56aac59a6918ddf"}
}
