TN:
SF:app/form_validator.js
FN:1,isValidCommaDelimitedList
FN:7,isValidTagmode
FN:11,hasValidFlickrAPIParams
FNF:3
FNH:3
FNDA:7,isValidCommaDelimitedList
FNDA:5,isValidTagmode
FNDA:3,hasValidFlickrAPIParams
DA:3,7
DA:4,7
DA:8,5
DA:12,3
DA:13,3
DA:14,3
DA:17,2
LF:7
LH:7
BRDA:8,0,0,5
BRDA:8,0,1,3
BRDA:14,1,0,3
BRDA:14,1,1,2
BRF:4
BRH:4
end_of_record
TN:
SF:app/jsonp_helper.js
FN:1,parseJSONP
FNF:1
FNH:1
FNDA:5,parseJSONP
DA:2,5
DA:3,5
DA:4,5
DA:5,5
DA:7,5
DA:9,5
DA:11,2
DA:12,2
DA:16,4
LF:9
LH:9
BRF:0
BRH:0
end_of_record
TN:
SF:app/messageHandler.js
FN:18,messageHandler
FN:22,(anonymous_1)
FN:48,(anonymous_2)
FN:53,processTagsAndZipPhotos
FN:69,createZipStream
FN:87,(anonymous_5)
FN:88,(anonymous_6)
FN:103,(anonymous_7)
FN:104,(anonymous_8)
FN:110,(anonymous_9)
FN:116,uploadZipToGCS
FN:126,generateSignedUrl
FNF:12
FNH:1
FNDA:1,messageHandler
FNDA:0,(anonymous_1)
FNDA:0,(anonymous_2)
FNDA:0,processTagsAndZipPhotos
FNDA:0,createZipStream
FNDA:0,(anonymous_5)
FNDA:0,(anonymous_6)
FNDA:0,(anonymous_7)
FNDA:0,(anonymous_8)
FNDA:0,(anonymous_9)
FNDA:0,uploadZipToGCS
FNDA:0,generateSignedUrl
DA:1,1
DA:2,1
DA:3,1
DA:4,1
DA:5,1
DA:6,1
DA:7,1
DA:8,1
DA:10,1
DA:11,1
DA:12,1
DA:13,1
DA:14,1
DA:16,1
DA:19,1
DA:20,1
DA:22,1
DA:23,0
DA:24,0
DA:25,0
DA:26,0
DA:28,0
DA:29,0
DA:31,0
DA:32,0
DA:33,0
DA:35,0
DA:36,0
DA:38,0
DA:39,0
DA:41,0
DA:42,0
DA:44,0
DA:48,1
DA:49,0
DA:54,0
DA:55,0
DA:56,0
DA:58,0
DA:59,0
DA:60,0
DA:62,0
DA:64,0
DA:65,0
DA:70,0
DA:71,0
DA:72,0
DA:74,0
DA:76,0
DA:77,0
DA:78,0
DA:79,0
DA:82,0
DA:83,0
DA:84,0
DA:86,0
DA:87,0
DA:88,0
DA:89,0
DA:90,0
DA:92,0
DA:93,0
DA:101,0
DA:103,0
DA:104,0
DA:105,0
DA:106,0
DA:107,0
DA:110,0
DA:111,0
DA:117,0
DA:118,0
DA:123,0
DA:127,0
DA:132,0
DA:133,0
DA:136,1
LF:77
LH:19
BRDA:78,0,0,0
BRDA:78,0,1,0
BRDA:86,1,0,0
BRDA:86,1,1,0
BRDA:89,2,0,0
BRDA:89,2,1,0
BRF:6
BRH:0
end_of_record
TN:
SF:app/photo_model.js
FN:5,getFlickrPhotos
FN:15,(anonymous_1)
FN:18,(anonymous_2)
FNF:3
FNH:3
FNDA:3,getFlickrPhotos
FNDA:2,(anonymous_1)
FNDA:2,(anonymous_2)
DA:1,3
DA:2,3
DA:3,3
DA:6,3
DA:8,3
DA:15,3
DA:16,2
DA:18,1
DA:19,2
DA:20,2
DA:23,1
DA:27,3
LF:12
LH:12
BRF:0
BRH:0
end_of_record
TN:
SF:app/route.js
FN:4,route
FN:5,(anonymous_1)
FN:31,(anonymous_2)
FN:36,(anonymous_3)
FNF:4
FNH:1
FNDA:1,route
FNDA:0,(anonymous_1)
FNDA:0,(anonymous_2)
FNDA:0,(anonymous_3)
DA:1,1
DA:2,1
DA:5,1
DA:6,0
DA:7,0
DA:9,0
DA:18,0
DA:19,0
DA:23,0
DA:24,0
DA:25,0
DA:29,0
DA:32,0
DA:33,0
DA:34,0
DA:37,0
DA:42,1
LF:17
LH:4
BRDA:10,0,0,0
BRDA:10,0,1,0
BRDA:11,1,0,0
BRDA:11,1,1,0
BRDA:18,2,0,0
BRDA:18,2,1,0
BRDA:18,3,0,0
BRDA:18,3,1,0
BRDA:23,4,0,0
BRDA:23,4,1,0
BRF:10
BRH:0
end_of_record
TN:
SF:app/server.js
FN:23,(anonymous_0)
FN:44,(anonymous_1)
FN:60,(anonymous_2)
FN:73,(anonymous_3)
FNF:4
FNH:4
FNDA:4,(anonymous_0)
FNDA:2,(anonymous_1)
FNDA:1,(anonymous_2)
FNDA:1,(anonymous_3)
DA:1,1
DA:2,1
DA:3,1
DA:4,1
DA:6,1
DA:8,1
DA:10,1
DA:11,1
DA:12,1
DA:13,1
DA:14,1
DA:15,1
DA:16,1
DA:18,1
DA:19,1
DA:21,1
DA:23,1
DA:24,4
DA:25,4
DA:26,4
DA:28,4
DA:30,4
DA:31,1
DA:32,1
DA:43,3
DA:44,3
DA:45,2
DA:47,2
DA:49,2
DA:59,2
DA:61,1
DA:67,1
DA:68,1
DA:70,1
DA:72,1
DA:73,1
DA:74,1
DA:77,1
LF:38
LH:38
BRDA:24,0,0,4
BRDA:24,0,1,1
BRDA:25,1,0,4
BRDA:25,1,1,1
BRDA:26,2,0,4
BRDA:26,2,1,4
BRDA:30,3,0,1
BRDA:30,3,1,3
BRDA:47,4,0,0
BRDA:47,4,1,2
BRDA:56,5,0,2
BRDA:56,5,1,2
BRDA:59,6,0,2
BRDA:59,6,1,2
BRDA:72,7,0,1
BRDA:72,7,1,1
BRF:16
BRH:15
end_of_record
TN:
SF:app/zipRoute.js
FN:10,(anonymous_0)
FN:37,waitForZipToBeReady
FN:38,(anonymous_2)
FN:39,(anonymous_3)
FNF:4
FNH:0
FNDA:0,(anonymous_0)
FNDA:0,waitForZipToBeReady
FNDA:0,(anonymous_2)
FNDA:0,(anonymous_3)
DA:1,1
DA:2,1
DA:3,1
DA:4,1
DA:5,1
DA:7,1
DA:8,1
DA:10,1
DA:11,0
DA:12,0
DA:14,0
DA:15,0
DA:18,0
DA:19,0
DA:20,0
DA:22,0
DA:23,0
DA:25,0
DA:27,0
DA:29,0
DA:30,0
DA:34,1
DA:38,0
DA:39,0
DA:40,0
DA:41,0
DA:42,0
LF:27
LH:9
BRDA:14,0,0,0
BRDA:14,0,1,0
BRDA:14,1,0,0
BRDA:14,1,1,0
BRDA:40,2,0,0
BRDA:40,2,1,0
BRF:6
BRH:0
end_of_record
